  Aufgabe12_2.cpp
c:\program files (x86)\microsoft visual studio\2017\enterprise\vc\tools\msvc\14.15.26726\include\algorithm(2583): warning C4244: "Argument": Konvertierung von "_Diff" in "int", möglicher Datenverlust
  c:\program files (x86)\microsoft visual studio\2017\enterprise\vc\tools\msvc\14.15.26726\include\algorithm(2607): note: Siehe Verweis auf die Instanziierung der gerade kompilierten Funktions-Vorlage "void std::_Random_shuffle1<_RanIt,Catch::RandomNumberGenerator>(_RanIt,_RanIt,_RngFn &)".
          with
          [
              _RanIt=std::_Vector_iterator<std::_Vector_val<std::_Simple_types<Catch::TestCase>>>,
              _RngFn=Catch::RandomNumberGenerator
          ]
  c:\users\maike\documents\studium\gip\development\projekte\gip_2018_2019\gip\aufgabe12_2\catch.h(6202): note: Siehe Verweis auf die Instanziierung der gerade kompilierten Funktions-Vorlage "void std::random_shuffle<std::_Vector_iterator<std::_Vector_val<std::_Simple_types<_Ty>>>,Catch::RandomNumberGenerator&>(_RanIt,_RanIt,_RngFn)".
          with
          [
              _Ty=Catch::TestCase,
              _RanIt=std::_Vector_iterator<std::_Vector_val<std::_Simple_types<Catch::TestCase>>>,
              _RngFn=Catch::RandomNumberGenerator &
          ]
  MyString2.cpp
c:\users\maike\documents\studium\gip\development\projekte\gip_2018_2019\gip\aufgabe12_2\mystring2.cpp(87): warning C4018: "<": Konflikt zwischen "signed" und "unsigned"
  mystring2_unit_tests.cpp
  Code wird generiert...
  Aufgabe12_2.vcxproj -> C:\Users\Maike\Documents\Studium\GIP\Development\Projekte\GIP_2018_2019\GIP\x64\Debug\Aufgabe12_2.exe
